20240720-180053	INFO	COMMON	open a new biwudahui round...
20240720-180100	INFO	COMMON	[KÕt h«n]: T¹o NPC phôc vô hãa trang thµnh c«ng
20240720-180100	INFO	COMMON	[KÕt h«n]: T¹o NPC kÕt h«n, NPC h­íng dÉn Hû N­¬ng:28868, tªn NPC t­¬ng øngHû N­¬ng
20240720-180100	INFO	COMMON	[KÕt h«n]: H«n lÔ b¾t ®Çu, ID h«n lÔ lµ:240720181
20240720-180100	INFO	COMMON	[KÕt h«n]: T¹o NPC phôc phôc tuÇn tr¨ng mËt thµnh c«ng
20240720-180100	INFO	COMMON	[KÕt h«n]: T¹o NPC kÕt h«n, NPC h­íng dÉn Hû N­¬ng:28877, tªn NPC t­¬ng øngHû N­¬ng
20240720-180100	INFO	COMMON	[KÕt h«n]: H«n lÔ b¾t ®Çu, ID h«n lÔ lµ:240720182
20240720-180100	INFO	COMMON	[KÕt h«n]: T¹o NPC phôc vô ®éng phßng thµnh c«ng
20240720-180100	INFO	COMMON	[KÕt h«n]: T¹o NPC kÕt h«n, NPC h­íng dÉn Hû N­¬ng:28894, tªn NPC t­¬ng øngHû N­¬ng
20240720-180100	INFO	COMMON	[KÕt h«n]: H«n lÔ b¾t ®Çu, ID h«n lÔ lµ:240720183
20240720-180100	INFO	COMMON	[KÕt h«n]: Hoµn tÊt viÖc t¹o NPC trªn ®Ønh V©n S¬n
20240720-180100	INFO	COMMON	[KÕt h«n]: T¹o NPC kÕt h«n, NPC h­íng dÉn Hû N­¬ng:28916, tªn NPC t­¬ng øngHû N­¬ng
20240720-180100	INFO	COMMON	[KÕt h«n]: H«n lÔ b¾t ®Çu, ID h«n lÔ lµ:240720184
20240720-180153	INFO	COMMON	open a new biwudahui round...
20240720-180253	INFO	COMMON	open a new biwudahui round...
20240720-180353	INFO	COMMON	open a new biwudahui round...
20240720-180453	INFO	COMMON	open a new biwudahui round...
20240720-180553	INFO	COMMON	open a new biwudahui round...
20240720-180653	INFO	COMMON	open a new biwudahui round...
20240720-180753	INFO	COMMON	open a new biwudahui round...
20240720-180853	INFO	COMMON	open a new biwudahui round...
20240720-180953	INFO	COMMON	open a new biwudahui round...
20240720-181053	INFO	COMMON	open a new biwudahui round...
20240720-181153	INFO	COMMON	open a new biwudahui round...
20240720-181253	INFO	COMMON	open a new biwudahui round...
20240720-181353	INFO	COMMON	open a new biwudahui round...
20240720-181453	INFO	COMMON	open a new biwudahui round...
20240720-181553	INFO	COMMON	open a new biwudahui round...
20240720-181653	INFO	COMMON	open a new biwudahui round...
20240720-181753	INFO	COMMON	open a new biwudahui round...
20240720-181853	INFO	COMMON	open a new biwudahui round...
20240720-181953	INFO	COMMON	open a new biwudahui round...
20240720-182053	INFO	COMMON	open a new biwudahui round...
20240720-182153	INFO	COMMON	open a new biwudahui round...
20240720-182253	INFO	COMMON	open a new biwudahui round...
20240720-182353	INFO	COMMON	open a new biwudahui round...
20240720-182453	INFO	COMMON	open a new biwudahui round...
20240720-182553	INFO	COMMON	open a new biwudahui round...
20240720-182653	INFO	COMMON	open a new biwudahui round...
20240720-182753	INFO	COMMON	open a new biwudahui round...
20240720-182853	INFO	COMMON	open a new biwudahui round...
20240720-182953	INFO	COMMON	open a new biwudahui round...
20240720-183053	INFO	COMMON	open a new biwudahui round...
20240720-183153	INFO	COMMON	open a new biwudahui round...
20240720-183253	INFO	COMMON	open a new biwudahui round...
20240720-183353	INFO	COMMON	open a new biwudahui round...
20240720-183453	INFO	COMMON	open a new biwudahui round...
20240720-183553	INFO	COMMON	open a new biwudahui round...
20240720-183653	INFO	COMMON	open a new biwudahui round...
20240720-183753	INFO	COMMON	open a new biwudahui round...
20240720-183853	INFO	COMMON	open a new biwudahui round...
20240720-183953	INFO	COMMON	open a new biwudahui round...
20240720-184053	INFO	COMMON	open a new biwudahui round...
20240720-184153	INFO	COMMON	open a new biwudahui round...
20240720-184253	INFO	COMMON	open a new biwudahui round...
20240720-184353	INFO	COMMON	open a new biwudahui round...
20240720-184453	INFO	COMMON	open a new biwudahui round...
20240720-184553	INFO	COMMON	open a new biwudahui round...
20240720-184653	INFO	COMMON	open a new biwudahui round...
20240720-184753	INFO	COMMON	open a new biwudahui round...
20240720-184853	INFO	COMMON	open a new biwudahui round...
20240720-184953	INFO	COMMON	open a new biwudahui round...
20240720-185053	INFO	COMMON	open a new biwudahui round...
20240720-185153	INFO	COMMON	open a new biwudahui round...
20240720-185253	INFO	COMMON	open a new biwudahui round...
20240720-185353	INFO	COMMON	open a new biwudahui round...
20240720-185453	INFO	COMMON	open a new biwudahui round...
20240720-185553	INFO	COMMON	open a new biwudahui round...
20240720-185653	INFO	COMMON	open a new biwudahui round...
20240720-185753	INFO	COMMON	open a new biwudahui round...
20240720-185853	INFO	COMMON	open a new biwudahui round...
20240720-185953	INFO	COMMON	open a new biwudahui round...
20240720-190053	INFO	COMMON	open a new biwudahui round...
20240720-190100	INFO	COMMON	[NewBattle]:Initialize Sub-Battle
20240720-190100	INFO	COMMON	[NewBattle]:fail to initialized Sub-Battle,Map ID:881,SubWorld ID:-1
20240720-190100	INFO	COMMON	[NewBattle]:fail to initialized Sub-Battle,Map ID:882,SubWorld ID:-1
20240720-190100	INFO	COMMON	[NewBattle]:fail to initialized Sub-Battle,Map ID:883,SubWorld ID:-1
20240720-190153	INFO	COMMON	open a new biwudahui round...
20240720-190253	INFO	COMMON	open a new biwudahui round...
20240720-190353	INFO	COMMON	open a new biwudahui round...
20240720-190453	INFO	COMMON	open a new biwudahui round...
20240720-190553	INFO	COMMON	open a new biwudahui round...
20240720-190653	INFO	COMMON	open a new biwudahui round...
20240720-190753	INFO	COMMON	open a new biwudahui round...
20240720-190853	INFO	COMMON	open a new biwudahui round...
20240720-190953	INFO	COMMON	open a new biwudahui round...
20240720-191053	INFO	COMMON	open a new biwudahui round...
20240720-191153	INFO	COMMON	open a new biwudahui round...
20240720-191253	INFO	COMMON	open a new biwudahui round...
20240720-191353	INFO	COMMON	open a new biwudahui round...
20240720-191453	INFO	COMMON	open a new biwudahui round...
20240720-191553	INFO	COMMON	open a new biwudahui round...
20240720-191653	INFO	COMMON	open a new biwudahui round...
20240720-191753	INFO	COMMON	open a new biwudahui round...
20240720-191853	INFO	COMMON	open a new biwudahui round...
20240720-191953	INFO	COMMON	open a new biwudahui round...
20240720-192053	INFO	COMMON	open a new biwudahui round...
20240720-192153	INFO	COMMON	open a new biwudahui round...
20240720-192253	INFO	COMMON	open a new biwudahui round...
20240720-192353	INFO	COMMON	open a new biwudahui round...
20240720-192453	INFO	COMMON	open a new biwudahui round...
20240720-192553	INFO	COMMON	open a new biwudahui round...
20240720-192654	INFO	COMMON	open a new biwudahui round...
20240720-192753	INFO	COMMON	open a new biwudahui round...
20240720-192853	INFO	COMMON	open a new biwudahui round...
20240720-192953	INFO	COMMON	open a new biwudahui round...
20240720-193053	INFO	COMMON	open a new biwudahui round...
20240720-193153	INFO	COMMON	open a new biwudahui round...
20240720-193253	INFO	COMMON	open a new biwudahui round...
20240720-193353	INFO	COMMON	open a new biwudahui round...
20240720-193453	INFO	COMMON	open a new biwudahui round...
20240720-193553	INFO	COMMON	open a new biwudahui round...
20240720-193559	INFO	COMMON	[KÕt h«n]: H«n lÔ kÕt thóc, ID h«n lÔ lµ:240720181
20240720-193559	INFO	COMMON	[KÕt h«n]: S©n khÊu kÕt h«n ®· ®ãng, NPC Hû N­¬ng:28868, tªn NPC t­¬ng øng
20240720-193559	INFO	COMMON	[KÕt h«n]: H«n lÔ kÕt thóc, ID h«n lÔ lµ:240720182
20240720-193559	INFO	COMMON	[KÕt h«n]: S©n khÊu kÕt h«n ®· ®ãng, NPC Hû N­¬ng:28877, tªn NPC t­¬ng øng
20240720-193559	INFO	COMMON	[KÕt h«n]: H«n lÔ kÕt thóc, ID h«n lÔ lµ:240720183
20240720-193559	INFO	COMMON	[KÕt h«n]: S©n khÊu kÕt h«n ®· ®ãng, NPC Hû N­¬ng:28894, tªn NPC t­¬ng øng
20240720-193559	INFO	COMMON	[KÕt h«n]: H«n lÔ kÕt thóc, ID h«n lÔ lµ:240720184
20240720-193559	INFO	COMMON	[KÕt h«n]: S©n khÊu kÕt h«n ®· ®ãng, NPC Hû N­¬ng:28916, tªn NPC t­¬ng øng
20240720-193653	INFO	COMMON	open a new biwudahui round...
20240720-193753	INFO	COMMON	open a new biwudahui round...
20240720-193853	INFO	COMMON	open a new biwudahui round...
20240720-193953	INFO	COMMON	open a new biwudahui round...
20240720-194053	INFO	COMMON	open a new biwudahui round...
20240720-194153	INFO	COMMON	open a new biwudahui round...
20240720-194253	INFO	COMMON	open a new biwudahui round...
20240720-194353	INFO	COMMON	open a new biwudahui round...
20240720-194453	INFO	COMMON	open a new biwudahui round...
20240720-194553	INFO	COMMON	open a new biwudahui round...
20240720-194653	INFO	COMMON	open a new biwudahui round...
20240720-194753	INFO	COMMON	open a new biwudahui round...
20240720-194853	INFO	COMMON	open a new biwudahui round...
20240720-194953	INFO	COMMON	open a new biwudahui round...
20240720-195053	INFO	COMMON	open a new biwudahui round...
20240720-195153	INFO	COMMON	open a new biwudahui round...
20240720-195253	INFO	COMMON	open a new biwudahui round...
20240720-195353	INFO	COMMON	open a new biwudahui round...
20240720-195453	INFO	COMMON	open a new biwudahui round...
20240720-195553	INFO	COMMON	open a new biwudahui round...
20240720-195653	INFO	COMMON	open a new biwudahui round...
20240720-195753	INFO	COMMON	open a new biwudahui round...
20240720-195853	INFO	COMMON	open a new biwudahui round...
20240720-195953	INFO	COMMON	open a new biwudahui round...
20240720-200100	INFO	COMMON	[NewBattle]:Initialize Main-Battle
20240720-200100	INFO	COMMON	[NewBattle]:fail to initialized Sub-Battle,Map ID:884,SubWorld ID:-1
20240720-210100	INFO	COMMON	[KÕt h«n]: T¹o NPC phôc vô hãa trang thµnh c«ng
20240720-210100	INFO	COMMON	[KÕt h«n]: T¹o NPC kÕt h«n, NPC h­íng dÉn Hû N­¬ng:28916, tªn NPC t­¬ng øngHû N­¬ng
20240720-210100	INFO	COMMON	[KÕt h«n]: H«n lÔ b¾t ®Çu, ID h«n lÔ lµ:240720211
20240720-210100	INFO	COMMON	[KÕt h«n]: T¹o NPC phôc phôc tuÇn tr¨ng mËt thµnh c«ng
20240720-210100	INFO	COMMON	[KÕt h«n]: T¹o NPC kÕt h«n, NPC h­íng dÉn Hû N­¬ng:28886, tªn NPC t­¬ng øngHû N­¬ng
20240720-210100	INFO	COMMON	[KÕt h«n]: H«n lÔ b¾t ®Çu, ID h«n lÔ lµ:240720212
20240720-210100	INFO	COMMON	[KÕt h«n]: T¹o NPC phôc vô ®éng phßng thµnh c«ng
20240720-210100	INFO	COMMON	[KÕt h«n]: T¹o NPC kÕt h«n, NPC h­íng dÉn Hû N­¬ng:28905, tªn NPC t­¬ng øngHû N­¬ng
20240720-210100	INFO	COMMON	[KÕt h«n]: H«n lÔ b¾t ®Çu, ID h«n lÔ lµ:240720213
20240720-210100	INFO	COMMON	[KÕt h«n]: Hoµn tÊt viÖc t¹o NPC trªn ®Ønh V©n S¬n
20240720-210100	INFO	COMMON	[KÕt h«n]: T¹o NPC kÕt h«n, NPC h­íng dÉn Hû N­¬ng:28870, tªn NPC t­¬ng øngHû N­¬ng
